<?xml version="1.0" encoding="UTF-8"?>
<testng-results skipped="0" failed="0" ignored="0" total="0" passed="0">
  <reporter-output>
  </reporter-output>
  <suite name="com.testrunner.GoibiboFlightSearchTest" duration-ms="3" started-at="2019-09-20T06:00:53Z" finished-at="2019-09-20T06:00:53Z">
    <groups>
    </groups>
    <test name="Command line test" duration-ms="3" started-at="2019-09-20T06:00:53Z" finished-at="2019-09-20T06:00:53Z">
    </test> <!-- Command line test -->
  </suite> <!-- com.testrunner.GoibiboFlightSearchTest -->
</testng-results>
